C51 COMPILER V9.60.0.0   STC15F104W______                                                  06/29/2023 23:38:43 PAGE 1   


C51 COMPILER V9.60.0.0, COMPILATION OF MODULE STC15F104W______
OBJECT MODULE PLACED IN .\Objects\STC15F104W流水灯.obj
COMPILER INVOKED BY: D:\software\Keil_v5\C51\BIN\C51.EXE STC15F104W流水灯.c OPTIMIZE(8,SPEED) BROWSE DEBUG OBJECTEXTEND 
                    -PRINT(.\Listings\STC15F104W流水灯.lst) TABS(2) OBJECT(.\Objects\STC15F104W流水灯.obj)

line level    source

   1          #include <STC15F2K60S2.H>
   2          #include <intrins.h>
   3          #include <stdio.h>
   4          
   5          // 延时1ms
   6          void Delay1ms()   //@11.0592MHz
   7          {
   8   1        unsigned char data i, j;
   9   1      
  10   1        _nop_();
  11   1        _nop_();
  12   1        _nop_();
  13   1        i = 11;
  14   1        j = 190;
  15   1        do
  16   1        {
  17   2          while (--j);
  18   2        } while (--i);
  19   1      }
  20          
  21          
  22          
  23          //延时n ms
  24          void Delay_ms(unsigned int num){
  25   1        unsigned int i;
  26   1        for(i=0; i<num; i++){
  27   2          Delay1ms();
  28   2        }
  29   1      }
  30          
  31          void main(){
  32   1        P33 = 1;
  33   1        Delay_ms(500);
  34   1        P33 = 0;
  35   1        Delay_ms(500);
  36   1      }


MODULE INFORMATION:   STATIC OVERLAYABLE
   CODE SIZE        =     55    ----
   CONSTANT SIZE    =   ----    ----
   XDATA SIZE       =   ----    ----
   PDATA SIZE       =   ----    ----
   DATA SIZE        =   ----    ----
   IDATA SIZE       =   ----    ----
   BIT SIZE         =   ----    ----
END OF MODULE INFORMATION.


C51 COMPILATION COMPLETE.  0 WARNING(S),  0 ERROR(S)
