C51 COMPILER V9.60.0.0   STC15F104W____                                                    07/01/2023 13:50:52 PAGE 1   


C51 COMPILER V9.60.0.0, COMPILATION OF MODULE STC15F104W____
OBJECT MODULE PLACED IN .\Objects\STC15F104W中断.obj
COMPILER INVOKED BY: D:\software\Keil_v5\C51\BIN\C51.EXE ..\STC15F104W中断\STC15F104W中断.c OPTIMIZE(8,SPEED) BROWSE INC
                    -DIR(..\libs) DEBUG OBJECTEXTEND PRINT(.\Listings\STC15F104W中断.lst) TABS(2) OBJECT(.\Objects\STC15F104W中断.obj)

line level    source

   1          #include <STC15F2K60S2.H>
   2          #include <sys_delay_ms.h>
   3          #define LED P32
   4          
   5          void int2_OpenMotor() interrupt 10
   6          {
   7   1        P33 = ~P33; //P3^3引脚取反, 导通或者关闭mos管
   8   1      }
   9          
  10          int main(){
  11   1        INT_CLKO |= 0x10;  //(EX2 = 1)使能INT2中断 P34引脚
  12   1        //EX2 = 1; 头文件中没有定义，但是官方文档中有该引脚位
  13   1        EA = 1;   //打开外部中断总开关
  14   1        // 外部中断2只能下降沿触发，没有IT2
  15   1        while(1){
  16   2          LED = ~LED;
  17   2          DelayNms(500);
  18   2        }
  19   1      }
  20          


MODULE INFORMATION:   STATIC OVERLAYABLE
   CODE SIZE        =     19    ----
   CONSTANT SIZE    =   ----    ----
   XDATA SIZE       =   ----    ----
   PDATA SIZE       =   ----    ----
   DATA SIZE        =   ----    ----
   IDATA SIZE       =   ----    ----
   BIT SIZE         =   ----    ----
END OF MODULE INFORMATION.


C51 COMPILATION COMPLETE.  0 WARNING(S),  0 ERROR(S)
