C51 COMPILER V9.60.0.0   SYS_DELAY_MS                                                      07/22/2023 22:36:34 PAGE 1   


C51 COMPILER V9.60.0.0, COMPILATION OF MODULE SYS_DELAY_MS
OBJECT MODULE PLACED IN .\Objects\sys_delay_ms.obj
COMPILER INVOKED BY: D:\software\Keil_v5\C51\BIN\C51.EXE ..\libs\sys_delay_ms.c OPTIMIZE(8,SPEED) BROWSE INCDIR(..\libs;
                    -..\libs) DEBUG OBJECTEXTEND PRINT(.\Listings\sys_delay_ms.lst) TABS(2) OBJECT(.\Objects\sys_delay_ms.obj)

line level    source

   1          //—” ±1ms
   2          void Delay1ms()   //@11.0592MHz
   3          {
   4   1        unsigned char data i, j;
   5   1      
   6   1        i = 15;
   7   1        j = 90;
   8   1        do
   9   1        {
  10   2          while (--j);
  11   2        } while (--i);
  12   1      }
  13          
  14          //—” ±n ms
  15          void DelayNms(unsigned int num){
  16   1        unsigned int i;
  17   1        for(i=0; i<num; i++){
  18   2          Delay1ms();
  19   2        }
  20   1      }


MODULE INFORMATION:   STATIC OVERLAYABLE
   CODE SIZE        =     34    ----
   CONSTANT SIZE    =   ----    ----
   XDATA SIZE       =   ----    ----
   PDATA SIZE       =   ----    ----
   DATA SIZE        =   ----    ----
   IDATA SIZE       =   ----    ----
   BIT SIZE         =   ----    ----
END OF MODULE INFORMATION.


C51 COMPILATION COMPLETE.  0 WARNING(S),  0 ERROR(S)
