C51 COMPILER V9.60.0.0   LED                                                               06/22/2023 14:08:44 PAGE 1   


C51 COMPILER V9.60.0.0, COMPILATION OF MODULE LED
OBJECT MODULE PLACED IN .\Objects\led.obj
COMPILER INVOKED BY: D:\software\Keil_v5\C51\BIN\C51.EXE led.c OPTIMIZE(8,SPEED) BROWSE DEBUG OBJECTEXTEND PRINT(.\Listi
                    -ngs\led.lst) TABS(2) OBJECT(.\Objects\led.obj)

line level    source

   1          #include <reg51.H>
   2          #include <intrins.h>
   3          //ÑÓ³Ùº¯Êý
   4          void delay_ms(int a){
   5   1        int i,j;
   6   1        for(i = 0; i < a; i++){
   7   2          for(j = 0; j < 1000; j++) _nop_();
   8   2        }
   9   1      }
  10          
  11          void main(void){
  12   1        while(1){
  13   2          P0=0xfe;
  14   2          delay_ms(50);
  15   2          P0=0xfd;
  16   2          delay_ms(50);
  17   2          P0=0xfb;
  18   2          delay_ms(50);
  19   2          P0=0xf7;
  20   2          delay_ms(50);
  21   2          P0=0xef;
  22   2          delay_ms(50);
  23   2          P0=0xdf;
  24   2          delay_ms(50);
  25   2          P0=0xbf;
  26   2          delay_ms(50);
  27   2          P0=0x7f;
  28   2          delay_ms(50);
  29   2        }
  30   1      }


MODULE INFORMATION:   STATIC OVERLAYABLE
   CODE SIZE        =     93    ----
   CONSTANT SIZE    =   ----    ----
   XDATA SIZE       =   ----    ----
   PDATA SIZE       =   ----    ----
   DATA SIZE        =   ----    ----
   IDATA SIZE       =   ----    ----
   BIT SIZE         =   ----    ----
END OF MODULE INFORMATION.


C51 COMPILATION COMPLETE.  0 WARNING(S),  0 ERROR(S)
